<?xml version="1.0" encoding="UTF-8"?>
<!-- Generated by org.testng.reporters.JUnitXMLReporter -->
<testsuite hostname="sijil-ThinkPad-L480" ignored="1" name="Default test" tests="1" failures="0" timestamp="11 Dec 2018 09:33:32 GMT" time="0.908" errors="0">
  <testcase name="updateversion" time="0.878" classname="com.qa.test.ApipostTest"/>
  <testcase name="createversion" time="0.0" classname="com.qa.test.ApipostTest">
    <ignored/>
  </testcase> <!-- createversion -->
</testsuite> <!-- Default test -->
