<?xml version="1.0" encoding="UTF-8"?>
<!-- Generated by org.testng.reporters.JUnitXMLReporter -->
<testsuite hostname="sijil-ThinkPad-L480" ignored="0" name="Command line test" tests="6" failures="6" timestamp="19 Dec 2018 09:02:16 GMT" time="1.143" errors="0">
  <testcase name="createversion" time="0.365" classname="com.qa.test.ApipostTest">
    <failure type="org.apache.http.client.ClientProtocolException">
      <![CDATA[org.apache.http.client.ClientProtocolException
at org.apache.http.impl.client.InternalHttpClient.doExecute(InternalHttpClient.java:187)
at org.apache.http.impl.client.CloseableHttpClient.execute(CloseableHttpClient.java:83)
at org.apache.http.impl.client.CloseableHttpClient.execute(CloseableHttpClient.java:108)
at com.qa.client.Restclient.post(Restclient.java:44)
at com.qa.test.ApipostTest.createversion(ApipostTest.java:55)
Caused by: org.apache.http.ProtocolException: Target host is not specified
at org.apache.http.impl.conn.DefaultRoutePlanner.determineRoute(DefaultRoutePlanner.java:71)
at org.apache.http.impl.client.InternalHttpClient.determineRoute(InternalHttpClient.java:125)
at org.apache.http.impl.client.InternalHttpClient.doExecute(InternalHttpClient.java:184)
... 39 more
... Removed 35 stack frames]]>
    </failure>
  </testcase> <!-- createversion -->
  <testcase name="updateversion" time="0.33" classname="com.qa.test.ApipostTest">
    <failure type="java.lang.AssertionError" message="expected [200] but found [401]">
      <![CDATA[java.lang.AssertionError: expected [200] but found [401]
at com.qa.test.ApipostTest.updateversion(ApipostTest.java:79)
... Removed 41 stack frames]]>
    </failure>
  </testcase> <!-- updateversion -->
  <testcase name="deleteversion" time="0.098" classname="com.qa.test.APigetTest">
    <failure type="java.lang.AssertionError" message="expected [204] but found [401]">
      <![CDATA[java.lang.AssertionError: expected [204] but found [401]
at com.qa.test.APigetTest.deleteversion(APigetTest.java:73)
... Removed 41 stack frames]]>
    </failure>
  </testcase> <!-- deleteversion -->
  <testcase name="getall" time="0.108" classname="com.qa.test.APigetTest">
    <failure type="java.lang.AssertionError" message="expected [200] but found [401]">
      <![CDATA[java.lang.AssertionError: expected [200] but found [401]
at com.qa.test.APigetTest.getall(APigetTest.java:32)
... Removed 41 stack frames]]>
    </failure>
  </testcase> <!-- getall -->
  <testcase name="getversion" time="0.104" classname="com.qa.test.APigetTest">
    <failure type="java.lang.AssertionError" message="expected [200] but found [401]">
      <![CDATA[java.lang.AssertionError: expected [200] but found [401]
at com.qa.test.APigetTest.getversion(APigetTest.java:41)
... Removed 41 stack frames]]>
    </failure>
  </testcase> <!-- getversion -->
  <testcase name="getversion1" time="0.11" classname="com.qa.test.APigetTest">
    <failure type="java.lang.AssertionError" message="expected [404] but found [401]">
      <![CDATA[java.lang.AssertionError: expected [404] but found [401]
at com.qa.test.APigetTest.getversion1(APigetTest.java:60)
... Removed 41 stack frames]]>
    </failure>
  </testcase> <!-- getversion1 -->
</testsuite> <!-- Command line test -->
