<?xml version="1.0" encoding="UTF-8"?>
<testng-results skipped="0" failed="0" ignored="1" total="2" passed="1">
  <reporter-output>
  </reporter-output>
  <suite name="Default suite" duration-ms="908" started-at="2018-12-11T09:33:31Z" finished-at="2018-12-11T09:33:32Z">
    <groups>
    </groups>
    <test name="Default test" duration-ms="908" started-at="2018-12-11T09:33:31Z" finished-at="2018-12-11T09:33:32Z">
      <class name="com.qa.test.ApipostTest">
        <test-method status="PASS" signature="setUp()[pri:0, instance:com.qa.test.ApipostTest@224edc67]" name="setUp" is-config="true" duration-ms="5" started-at="2018-12-11T09:33:31Z" finished-at="2018-12-11T09:33:31Z">
          <reporter-output>
          </reporter-output>
        </test-method> <!-- setUp -->
        <test-method status="PASS" signature="updateversion()[pri:0, instance:com.qa.test.ApipostTest@224edc67]" name="updateversion" duration-ms="878" started-at="2018-12-11T09:33:31Z" description="Update version" finished-at="2018-12-11T09:33:32Z">
          <reporter-output>
          </reporter-output>
        </test-method> <!-- updateversion -->
      </class> <!-- com.qa.test.ApipostTest -->
    </test> <!-- Default test -->
  </suite> <!-- Default suite -->
</testng-results>
